TN:
SF:src\middleware\auth.js
FN:7,(anonymous_0)
FN:13,(anonymous_1)
FN:38,(anonymous_2)
FN:92,(anonymous_3)
FN:93,(anonymous_4)
FN:103,(anonymous_5)
FN:139,(anonymous_6)
FN:142,(anonymous_7)
FN:154,(anonymous_8)
FNF:9
FNH:2
FNDA:0,(anonymous_0)
FNDA:0,(anonymous_1)
FNDA:0,(anonymous_2)
FNDA:1,(anonymous_3)
FNDA:0,(anonymous_4)
FNDA:0,(anonymous_5)
FNDA:1,(anonymous_6)
FNDA:0,(anonymous_7)
FNDA:0,(anonymous_8)
DA:1,1
DA:2,1
DA:3,1
DA:4,1
DA:5,1
DA:7,1
DA:8,0
DA:13,1
DA:14,0
DA:15,0
DA:24,0
DA:27,0
DA:29,0
DA:38,1
DA:41,0
DA:45,0
DA:46,0
DA:47,0
DA:50,0
DA:51,0
DA:57,0
DA:60,0
DA:61,0
DA:67,0
DA:68,0
DA:74,0
DA:75,0
DA:80,0
DA:81,0
DA:88,0
DA:89,0
DA:92,1
DA:93,1
DA:94,0
DA:95,0
DA:99,0
DA:103,1
DA:105,0
DA:109,0
DA:110,0
DA:111,0
DA:114,0
DA:115,0
DA:118,0
DA:119,0
DA:121,0
DA:122,0
DA:128,0
DA:129,0
DA:132,0
DA:135,0
DA:139,1
DA:140,1
DA:142,1
DA:143,0
DA:144,0
DA:145,0
DA:147,0
DA:148,0
DA:151,0
DA:154,0
DA:155,0
DA:157,0
DA:158,0
DA:164,0
DA:165,0
DA:169,1
LF:67
LH:15
BRDA:9,0,0,0
BRDA:9,0,1,0
BRDA:17,1,0,0
BRDA:17,1,1,0
BRDA:41,2,0,0
BRDA:41,2,1,0
BRDA:42,3,0,0
BRDA:42,3,1,0
BRDA:46,4,0,0
BRDA:46,4,1,0
BRDA:50,5,0,0
BRDA:50,5,1,0
BRDA:67,6,0,0
BRDA:67,6,1,0
BRDA:67,7,0,0
BRDA:67,7,1,0
BRDA:74,8,0,0
BRDA:74,8,1,0
BRDA:80,9,0,0
BRDA:80,9,1,0
BRDA:94,10,0,0
BRDA:94,10,1,0
BRDA:105,11,0,0
BRDA:105,11,1,0
BRDA:106,12,0,0
BRDA:106,12,1,0
BRDA:110,13,0,0
BRDA:110,13,1,0
BRDA:114,14,0,0
BRDA:114,14,1,0
BRDA:128,15,0,0
BRDA:128,15,1,0
BRDA:128,16,0,0
BRDA:128,16,1,0
BRDA:143,17,0,0
BRDA:143,17,1,0
BRDA:147,18,0,0
BRDA:147,18,1,0
BRDA:157,19,0,0
BRDA:157,19,1,0
BRF:40
BRH:0
end_of_record
TN:
SF:src\middleware\errorHandler.js
FN:4,(anonymous_0)
FN:14,(anonymous_1)
FN:23,(anonymous_2)
FN:41,(anonymous_3)
FN:44,(anonymous_4)
FN:47,(anonymous_5)
FN:48,(anonymous_6)
FN:53,(anonymous_7)
FN:59,(anonymous_8)
FN:64,(anonymous_9)
FN:95,(anonymous_10)
FN:96,(anonymous_11)
FN:102,(anonymous_12)
FNF:13
FNH:2
FNDA:0,(anonymous_0)
FNDA:0,(anonymous_1)
FNDA:0,(anonymous_2)
FNDA:0,(anonymous_3)
FNDA:0,(anonymous_4)
FNDA:0,(anonymous_5)
FNDA:0,(anonymous_6)
FNDA:0,(anonymous_7)
FNDA:0,(anonymous_8)
FNDA:0,(anonymous_9)
FNDA:16,(anonymous_10)
FNDA:4,(anonymous_11)
FNDA:0,(anonymous_12)
DA:1,1
DA:5,0
DA:6,0
DA:7,0
DA:8,0
DA:10,0
DA:14,1
DA:15,0
DA:23,1
DA:25,0
DA:26,0
DA:32,0
DA:34,0
DA:41,1
DA:42,0
DA:44,1
DA:45,0
DA:47,1
DA:48,0
DA:49,0
DA:50,0
DA:53,1
DA:54,0
DA:55,0
DA:56,0
DA:59,1
DA:60,0
DA:61,0
DA:64,1
DA:65,0
DA:66,0
DA:69,0
DA:70,0
DA:78,0
DA:79,0
DA:81,0
DA:82,0
DA:84,0
DA:85,0
DA:86,0
DA:87,0
DA:88,0
DA:90,0
DA:95,1
DA:96,16
DA:97,4
DA:102,1
DA:103,0
DA:104,0
DA:107,1
LF:50
LH:14
BRDA:4,0,0,0
BRDA:8,1,0,0
BRDA:8,1,1,0
BRDA:25,2,0,0
BRDA:25,2,1,0
BRDA:65,3,0,0
BRDA:65,3,1,0
BRDA:66,4,0,0
BRDA:66,4,1,0
BRDA:78,5,0,0
BRDA:78,5,1,0
BRDA:84,6,0,0
BRDA:84,6,1,0
BRDA:85,7,0,0
BRDA:85,7,1,0
BRDA:86,8,0,0
BRDA:86,8,1,0
BRDA:87,9,0,0
BRDA:87,9,1,0
BRDA:88,10,0,0
BRDA:88,10,1,0
BRF:21
BRH:0
end_of_record
TN:
SF:src\routes\health.js
FN:9,(anonymous_0)
FN:66,(anonymous_1)
FN:128,(anonymous_2)
FN:157,(anonymous_3)
FN:177,(anonymous_4)
FNF:5
FNH:5
FNDA:2,(anonymous_0)
FNDA:1,(anonymous_1)
FNDA:4,(anonymous_2)
FNDA:1,(anonymous_3)
FNDA:1,(anonymous_4)
DA:1,1
DA:2,1
DA:3,1
DA:4,1
DA:6,1
DA:9,1
DA:10,2
DA:12,2
DA:22,2
DA:23,2
DA:24,2
DA:26,0
DA:30,0
DA:34,2
DA:35,2
DA:46,2
DA:47,2
DA:55,2
DA:56,2
DA:59,2
DA:62,2
DA:66,1
DA:67,1
DA:69,1
DA:82,1
DA:83,1
DA:84,1
DA:87,1
DA:88,1
DA:89,1
DA:90,1
DA:92,1
DA:94,0
DA:98,0
DA:102,1
DA:103,1
DA:115,1
DA:121,1
DA:128,4
DA:130,1
DA:137,1
DA:138,0
DA:141,1
DA:142,1
DA:143,1
DA:146,1
DA:149,1
DA:150,0
DA:153,1
DA:157,1
DA:158,1
DA:160,1
DA:162,1
DA:167,0
DA:168,0
DA:177,1
DA:178,1
DA:185,1
LF:58
LH:50
BRDA:17,0,0,2
BRDA:17,0,1,0
BRDA:59,1,0,2
BRDA:59,1,1,0
BRDA:60,2,0,0
BRDA:60,2,1,0
BRDA:74,3,0,1
BRDA:74,3,1,0
BRDA:104,4,0,0
BRDA:104,4,1,1
BRDA:131,5,0,1
BRDA:131,5,1,0
BRDA:137,6,0,0
BRDA:137,6,1,1
BRDA:146,7,0,1
BRDA:146,7,1,0
BRDA:149,8,0,0
BRDA:149,8,1,1
BRF:18
BRH:8
end_of_record
TN:
SF:src\routes\serviceProviders.js
FN:11,(anonymous_0)
FN:28,(anonymous_1)
FN:120,(anonymous_2)
FN:162,(anonymous_3)
FN:209,(anonymous_4)
FN:265,(anonymous_5)
FN:310,(anonymous_6)
FNF:7
FNH:0
FNDA:0,(anonymous_0)
FNDA:0,(anonymous_1)
FNDA:0,(anonymous_2)
FNDA:0,(anonymous_3)
FNDA:0,(anonymous_4)
FNDA:0,(anonymous_5)
FNDA:0,(anonymous_6)
DA:1,1
DA:2,1
DA:3,1
DA:4,1
DA:5,1
DA:6,1
DA:8,1
DA:11,1
DA:12,0
DA:13,0
DA:14,0
DA:16,0
DA:20,1
DA:36,0
DA:38,0
DA:39,0
DA:63,0
DA:64,0
DA:67,0
DA:68,0
DA:71,0
DA:72,0
DA:75,0
DA:76,0
DA:80,0
DA:81,0
DA:84,0
DA:88,0
DA:90,0
DA:91,0
DA:92,0
DA:96,0
DA:100,0
DA:117,1
DA:121,0
DA:123,0
DA:124,0
DA:138,0
DA:139,0
DA:142,0
DA:151,1
DA:163,0
DA:170,0
DA:171,0
DA:177,0
DA:178,0
DA:179,0
DA:182,0
DA:188,0
DA:197,1
DA:210,0
DA:212,0
DA:215,0
DA:221,0
DA:222,0
DA:225,0
DA:226,0
DA:229,0
DA:234,0
DA:241,0
DA:242,0
DA:243,0
DA:246,0
DA:252,0
DA:261,1
DA:266,0
DA:268,0
DA:271,0
DA:277,0
DA:278,0
DA:281,0
DA:282,0
DA:285,0
DA:290,0
DA:291,0
DA:292,0
DA:295,0
DA:300,0
DA:304,1
DA:311,0
DA:312,0
DA:314,0
DA:315,0
DA:326,0
DA:327,0
DA:330,0
DA:336,0
DA:344,1
LF:88
LH:15
BRDA:13,0,0,0
BRDA:13,0,1,0
BRDA:33,1,0,0
BRDA:34,2,0,0
BRDA:63,3,0,0
BRDA:63,3,1,0
BRDA:67,4,0,0
BRDA:67,4,1,0
BRDA:71,5,0,0
BRDA:71,5,1,0
BRDA:75,6,0,0
BRDA:75,6,1,0
BRDA:90,7,0,0
BRDA:90,7,1,0
BRDA:106,8,0,0
BRDA:106,8,1,0
BRDA:107,9,0,0
BRDA:107,9,1,0
BRDA:109,10,0,0
BRDA:109,10,1,0
BRDA:138,11,0,0
BRDA:138,11,1,0
BRDA:138,12,0,0
BRDA:138,12,1,0
BRDA:177,13,0,0
BRDA:177,13,1,0
BRDA:221,14,0,0
BRDA:221,14,1,0
BRDA:221,15,0,0
BRDA:221,15,1,0
BRDA:225,16,0,0
BRDA:225,16,1,0
BRDA:225,17,0,0
BRDA:225,17,1,0
BRDA:241,18,0,0
BRDA:241,18,1,0
BRDA:277,19,0,0
BRDA:277,19,1,0
BRDA:277,20,0,0
BRDA:277,20,1,0
BRDA:281,21,0,0
BRDA:281,21,1,0
BRDA:281,22,0,0
BRDA:281,22,1,0
BRDA:290,23,0,0
BRDA:290,23,1,0
BRDA:319,24,0,0
BRDA:319,24,1,0
BRDA:326,25,0,0
BRDA:326,25,1,0
BRF:50
BRH:0
end_of_record
TN:
SF:src\routes\serviceRequests.js
FN:14,(anonymous_0)
FN:36,(anonymous_1)
FN:100,(anonymous_2)
FN:154,(anonymous_3)
FN:182,(anonymous_4)
FN:232,(anonymous_5)
FN:324,(anonymous_6)
FNF:7
FNH:0
FNDA:0,(anonymous_0)
FNDA:0,(anonymous_1)
FNDA:0,(anonymous_2)
FNDA:0,(anonymous_3)
FNDA:0,(anonymous_4)
FNDA:0,(anonymous_5)
FNDA:0,(anonymous_6)
DA:1,1
DA:2,1
DA:3,1
DA:4,1
DA:5,1
DA:6,1
DA:8,1
DA:11,1
DA:14,1
DA:15,0
DA:16,0
DA:17,0
DA:19,0
DA:23,1
DA:37,0
DA:44,0
DA:47,0
DA:53,0
DA:54,0
DA:58,0
DA:73,0
DA:74,0
DA:75,0
DA:78,0
DA:85,0
DA:94,1
DA:101,0
DA:103,0
DA:104,0
DA:119,0
DA:120,0
DA:124,0
DA:125,0
DA:128,0
DA:130,0
DA:131,0
DA:132,0
DA:135,0
DA:148,1
DA:155,0
DA:157,0
DA:160,0
DA:165,0
DA:166,0
DA:169,0
DA:170,0
DA:182,0
DA:184,0
DA:197,0
DA:198,0
DA:202,0
DA:203,0
DA:206,0
DA:208,0
DA:209,0
DA:210,0
DA:213,0
DA:226,1
DA:233,0
DA:234,0
DA:236,0
DA:239,0
DA:250,0
DA:251,0
DA:255,0
DA:256,0
DA:257,0
DA:259,0
DA:260,0
DA:264,0
DA:272,0
DA:273,0
DA:277,0
DA:282,0
DA:283,0
DA:286,0
DA:287,0
DA:288,0
DA:289,0
DA:292,0
DA:299,0
DA:300,0
DA:301,0
DA:304,0
DA:311,0
DA:320,1
DA:325,0
DA:327,0
DA:328,0
DA:351,0
DA:352,0
DA:356,0
DA:357,0
DA:358,0
DA:360,0
DA:361,0
DA:364,0
DA:372,1
LF:98
LH:15
BRDA:16,0,0,0
BRDA:16,0,1,0
BRDA:53,1,0,0
BRDA:53,1,1,0
BRDA:53,2,0,0
BRDA:53,2,1,0
BRDA:73,3,0,0
BRDA:73,3,1,0
BRDA:101,4,0,0
BRDA:101,5,0,0
BRDA:119,6,0,0
BRDA:119,6,1,0
BRDA:130,7,0,0
BRDA:130,7,1,0
BRDA:155,8,0,0
BRDA:155,9,0,0
BRDA:165,10,0,0
BRDA:165,10,1,0
BRDA:169,11,0,0
BRDA:169,11,1,0
BRDA:169,12,0,0
BRDA:169,12,1,0
BRDA:197,13,0,0
BRDA:197,13,1,0
BRDA:208,14,0,0
BRDA:208,14,1,0
BRDA:250,15,0,0
BRDA:250,15,1,0
BRDA:250,16,0,0
BRDA:250,16,1,0
BRDA:259,17,0,0
BRDA:259,17,1,0
BRDA:259,18,0,0
BRDA:259,18,1,0
BRDA:259,18,2,0
BRDA:272,19,0,0
BRDA:272,19,1,0
BRDA:282,20,0,0
BRDA:282,20,1,0
BRDA:286,21,0,0
BRDA:286,21,1,0
BRDA:288,22,0,0
BRDA:288,22,1,0
BRDA:299,23,0,0
BRDA:299,23,1,0
BRDA:351,24,0,0
BRDA:351,24,1,0
BRDA:351,25,0,0
BRDA:351,25,1,0
BRDA:360,26,0,0
BRDA:360,26,1,0
BRDA:360,27,0,0
BRDA:360,27,1,0
BRDA:360,27,2,0
BRF:54
BRH:0
end_of_record
TN:
SF:src\utils\logger.js
FN:15,(anonymous_0)
FN:23,(anonymous_1)
FN:114,(anonymous_2)
FN:125,(anonymous_3)
FN:134,(anonymous_4)
FN:152,(anonymous_5)
FNF:6
FNH:3
FNDA:1,(anonymous_0)
FNDA:10,(anonymous_1)
FNDA:0,(anonymous_2)
FNDA:0,(anonymous_3)
FNDA:5,(anonymous_4)
FNDA:0,(anonymous_5)
DA:1,1
DA:2,1
DA:5,1
DA:15,1
DA:16,1
DA:19,1
DA:24,10
DA:27,10
DA:28,0
DA:32,10
DA:33,10
DA:36,10
DA:41,1
DA:47,1
DA:50,1
DA:51,1
DA:60,1
DA:62,0
DA:75,0
DA:87,0
DA:95,1
DA:111,1
DA:114,1
DA:115,0
DA:125,1
DA:126,0
DA:134,1
DA:135,5
DA:145,5
DA:146,0
DA:148,5
DA:152,1
DA:153,0
DA:160,1
LF:34
LH:26
BRDA:27,0,0,0
BRDA:27,0,1,10
BRDA:32,1,0,10
BRDA:32,1,1,0
BRDA:50,2,0,1
BRDA:50,2,1,0
BRDA:60,3,0,0
BRDA:60,3,1,1
BRDA:97,4,0,0
BRDA:97,4,1,1
BRDA:116,5,0,0
BRDA:116,5,1,0
BRDA:120,6,0,0
BRDA:120,6,1,0
BRDA:125,7,0,0
BRDA:145,8,0,0
BRDA:145,8,1,5
BRF:17
BRH:6
end_of_record
